<?xml version="1.0" encoding="UTF-8"?>
<!-- Generated by org.testng.reporters.JUnitReportReporter -->
<testsuite hostname="DESKTOP-91071EB" failures="0" tests="1" name="com.zysk.addresshealth.tests.CreateHeadacheComplaintTest$CreateGiddinessOtherFieldTest" time="20.868" errors="0" timestamp="22 Dec 2022 20:23:55 GMT" skipped="0">
  <testcase classname="com.zysk.addresshealth.tests.CreateHeadacheComplaintTest$CreateGiddinessOtherFieldTest" name="createComplaint" time="20.868"/>
</testsuite> <!-- com.zysk.addresshealth.tests.CreateHeadacheComplaintTest$CreateGiddinessOtherFieldTest -->
