<?xml version="1.0" encoding="UTF-8"?>
<!-- Generated by org.testng.reporters.JUnitReportReporter -->
<testsuite hostname="DESKTOP-91071EB" failures="0" tests="1" name="com.zysk.addresshealth.tests.CreateOtherComplaintOtherFieldTest" time="25.505" errors="0" timestamp="23 Dec 2022 17:23:21 GMT" skipped="0">
  <testcase classname="com.zysk.addresshealth.tests.CreateOtherComplaintOtherFieldTest" name="createComplaint" time="25.505"/>
</testsuite> <!-- com.zysk.addresshealth.tests.CreateOtherComplaintOtherFieldTest -->
