<?xml version="1.0" encoding="UTF-8"?>
<!-- Generated by org.testng.reporters.JUnitReportReporter -->
<testsuite hostname="DESKTOP-91071EB" failures="0" tests="1" name="com.zysk.addresshealth.tests.CreateHeadacheAllFieldsTest" time="32.171" errors="0" timestamp="23 Dec 2022 17:06:59 GMT" skipped="0">
  <testcase classname="com.zysk.addresshealth.tests.CreateHeadacheAllFieldsTest" name="createComplaint" time="32.171"/>
</testsuite> <!-- com.zysk.addresshealth.tests.CreateHeadacheAllFieldsTest -->
