<?xml version="1.0" encoding="UTF-8"?>
<!-- Generated by org.testng.reporters.JUnitReportReporter -->
<testsuite hostname="DESKTOP-91071EB" failures="0" tests="1" name="com.zysk.addresshealth.tests.CreateFeverComplaintTest" time="24.428" errors="0" timestamp="23 Dec 2022 16:51:56 GMT" skipped="0">
  <testcase classname="com.zysk.addresshealth.tests.CreateFeverComplaintTest" name="createComplaint" time="24.428"/>
</testsuite> <!-- com.zysk.addresshealth.tests.CreateFeverComplaintTest -->
