<?xml version="1.0" encoding="UTF-8"?>
<!-- Generated by org.testng.reporters.JUnitReportReporter -->
<testsuite hostname="DESKTOP-91071EB" failures="0" tests="1" name="com.zysk.addresshealth.tests.CreateInjuryComplaintTest" time="24.639" errors="0" timestamp="23 Dec 2022 17:12:06 GMT" skipped="0">
  <testcase classname="com.zysk.addresshealth.tests.CreateInjuryComplaintTest" name="createComplaint" time="24.639"/>
</testsuite> <!-- com.zysk.addresshealth.tests.CreateInjuryComplaintTest -->
