<?xml version="1.0" encoding="UTF-8"?>
<!-- Generated by org.testng.reporters.JUnitReportReporter -->
<testsuite hostname="DESKTOP-91071EB" failures="0" tests="1" name="com.zysk.addresshealth.tests.HomePageStatus" time="9.635" errors="0" timestamp="17 Dec 2022 23:23:31 GMT" skipped="0">
  <testcase classname="com.zysk.addresshealth.tests.HomePageStatus" name="submitOrder" time="9.635"/>
</testsuite> <!-- com.zysk.addresshealth.tests.HomePageStatus -->
