<?xml version="1.0" encoding="UTF-8"?>
<!-- Generated by org.testng.reporters.JUnitReportReporter -->
<testsuite hostname="DESKTOP-91071EB" failures="0" tests="1" name="com.zysk.addresshealth.tests.CreateInjuryAllFieldsTest" time="20.074" errors="0" timestamp="23 Dec 2022 17:12:06 GMT" skipped="0">
  <testcase classname="com.zysk.addresshealth.tests.CreateInjuryAllFieldsTest" name="createComplaint" time="20.074"/>
</testsuite> <!-- com.zysk.addresshealth.tests.CreateInjuryAllFieldsTest -->
