<?xml version="1.0" encoding="UTF-8"?>
<!-- Generated by org.testng.reporters.JUnitReportReporter -->
<testsuite hostname="DESKTOP-91071EB" failures="0" tests="1" name="com.zysk.addresshealth.tests.CreateConvulsionsAllFieldsTest" time="30.377" errors="0" timestamp="23 Dec 2022 17:00:34 GMT" skipped="0">
  <testcase classname="com.zysk.addresshealth.tests.CreateConvulsionsAllFieldsTest" name="createComplaint" time="30.377"/>
</testsuite> <!-- com.zysk.addresshealth.tests.CreateConvulsionsAllFieldsTest -->
