<?xml version="1.0" encoding="UTF-8"?>
<!-- Generated by org.testng.reporters.JUnitReportReporter -->
<testsuite hostname="DESKTOP-91071EB" failures="0" tests="1" name="com.zysk.addresshealth.tests.ErrorValidationTest" time="12.737" errors="0" timestamp="17 Dec 2022 21:13:41 GMT" skipped="0">
  <testcase classname="com.zysk.addresshealth.tests.ErrorValidationTest" name="errorValidation" time="12.737"/>
</testsuite> <!-- com.zysk.addresshealth.tests.ErrorValidationTest -->
