<?xml version="1.0" encoding="UTF-8"?>
<!-- Generated by org.testng.reporters.JUnitReportReporter -->
<testsuite hostname="DESKTOP-91071EB" failures="0" tests="1" name="com.zysk.addresshealth.tests.CreateAbdomenPainComplaintTest" time="21.741" errors="0" timestamp="23 Dec 2022 17:17:35 GMT" skipped="0">
  <testcase classname="com.zysk.addresshealth.tests.CreateAbdomenPainComplaintTest" name="createComplaint" time="21.741"/>
</testsuite> <!-- com.zysk.addresshealth.tests.CreateAbdomenPainComplaintTest -->
