<?xml version="1.0" encoding="UTF-8"?>
<!-- Generated by org.testng.reporters.JUnitReportReporter -->
<testsuite hostname="DESKTOP-91071EB" failures="0" tests="1" name="testing.Login" time="0.010" errors="0" timestamp="17 Dec 2022 20:05:54 GMT" skipped="0">
  <testcase classname="testing.Login" name="aLogintest" time="0.010"/>
</testsuite> <!-- testing.Login -->
