<?xml version="1.0" encoding="UTF-8"?>
<!-- Generated by org.testng.reporters.JUnitReportReporter -->
<testsuite hostname="DESKTOP-91071EB" failures="0" tests="1" name="com.zysk.addresshealth.tests.CreateGiddinessAllFieldsTest" time="29.720" errors="0" timestamp="23 Dec 2022 17:04:14 GMT" skipped="0">
  <testcase classname="com.zysk.addresshealth.tests.CreateGiddinessAllFieldsTest" name="createComplaint" time="29.720"/>
</testsuite> <!-- com.zysk.addresshealth.tests.CreateGiddinessAllFieldsTest -->
