<?xml version="1.0" encoding="UTF-8"?>
<!-- Generated by org.testng.reporters.JUnitReportReporter -->
<testsuite hostname="DESKTOP-91071EB" failures="0" tests="1" name="com.zysk.addresshealth.tests.CreateFeverOtherComplaitTest" time="21.916" errors="0" timestamp="23 Dec 2022 16:51:56 GMT" skipped="0">
  <testcase classname="com.zysk.addresshealth.tests.CreateFeverOtherComplaitTest" name="createComplaint" time="21.916"/>
</testsuite> <!-- com.zysk.addresshealth.tests.CreateFeverOtherComplaitTest -->
