<?xml version="1.0" encoding="UTF-8"?>
<!-- Generated by org.testng.reporters.JUnitReportReporter -->
<testsuite hostname="DESKTOP-91071EB" failures="0" tests="1" name="com.zysk.addresshealth.tests.CreateCoivdOtherFieldsTest" time="19.425" errors="0" timestamp="23 Dec 2022 03:01:49 GMT" skipped="0">
  <testcase classname="com.zysk.addresshealth.tests.CreateCoivdOtherFieldsTest" name="createComplaint" time="19.425"/>
</testsuite> <!-- com.zysk.addresshealth.tests.CreateCoivdOtherFieldsTest -->
