<?xml version="1.0" encoding="UTF-8"?>
<!-- Generated by org.testng.reporters.JUnitReportReporter -->
<testsuite hostname="DESKTOP-91071EB" failures="0" tests="1" name="com.zysk.addresshealth.tests.CreateFeverComplaint" time="26.097" errors="0" timestamp="21 Dec 2022 02:15:14 GMT" skipped="0">
  <testcase classname="com.zysk.addresshealth.tests.CreateFeverComplaint" name="createComplaint" time="26.097"/>
</testsuite> <!-- com.zysk.addresshealth.tests.CreateFeverComplaint -->
