<?xml version="1.0" encoding="UTF-8"?>
<!-- Generated by org.testng.reporters.JUnitReportReporter -->
<testsuite hostname="DESKTOP-91071EB" failures="0" tests="1" name="com.zysk.addresshealth.tests.CreateFeverOtherComplait" time="25.670" errors="0" timestamp="21 Dec 2022 16:28:52 GMT" skipped="0">
  <testcase classname="com.zysk.addresshealth.tests.CreateFeverOtherComplait" name="createComplaint" time="25.670"/>
</testsuite> <!-- com.zysk.addresshealth.tests.CreateFeverOtherComplait -->
