<?xml version="1.0" encoding="UTF-8"?>
<!-- Generated by org.testng.reporters.JUnitReportReporter -->
<testsuite hostname="DESKTOP-91071EB" failures="0" tests="1" name="com.zysk.addresshealth.tests.CreateAbdomenPainOtherFieldsTest" time="24.660" errors="0" timestamp="23 Dec 2022 17:15:07 GMT" skipped="0">
  <testcase classname="com.zysk.addresshealth.tests.CreateAbdomenPainOtherFieldsTest" name="createComplaint" time="24.660"/>
</testsuite> <!-- com.zysk.addresshealth.tests.CreateAbdomenPainOtherFieldsTest -->
